<?xml version="1.0" encoding="UTF-8"?>
<!-- Generated by org.testng.reporters.JUnitReportReporter -->
<testsuite hostname="DESKTOP-I62TIK1" failures="0" tests="1" name="euromsgDemoProject.Test1" time="0.113" errors="0" timestamp="2021-09-11T10:29:54 EET" skipped="0">
  <testcase classname="euromsgDemoProject.Test1" name="Login" time="0.113"/>
  <system-out/>
</testsuite> <!-- euromsgDemoProject.Test1 -->
